<?xml version="1.0" encoding="UTF-8"?>
<!-- Generated by org.testng.reporters.JUnitXMLReporter -->
<testsuite ignored="0" hostname="LAPTOP-IDAN568C" failures="0" tests="4" name="Default test" time="22.043" errors="0" timestamp="2024-03-15T00:59:13 IST">
  <testcase classname="testCases.InventoryPageTest" name="VerifyApplicationLogoTest" time="0.097"/>
  <testcase classname="testCases.InventoryPageTest" name="VerifyProductLabelTest" time="0.049"/>
  <testcase classname="testCases.InventoryPageTest" name="VerifyRedRoboImageTest" time="0.072"/>
  <testcase classname="testCases.InventoryPageTest" name="VerifyShoppingCartIconTest" time="0.164"/>
</testsuite> <!-- Default test -->
